2024-04-13 00:03:24.480 | INFO     | __main__:main:99 - Starting directory analysis
2024-04-13 00:03:24.480 | INFO     | __main__:main:102 - C:\Users\momoore\OneDrive - Mazak Corporation\Documents exists, proceeding with directory analysis
2024-04-13 00:03:24.503 | DEBUG    | __main__:get_directories:32 - Getting directories in: C:\Users\momoore\OneDrive - Mazak Corporation\Documents took 0.02 seconds
2024-04-13 00:03:34.039 | DEBUG    | __main__:count_files:48 - Counted 1 files in Directory(path=WindowsPath('C:/Users/momoore/OneDrive - Mazak Corporation/Documents/1Pass'), subdirectories=0, files=0, recursive_files=1) took 0.00 seconds
2024-04-13 00:03:34.039 | DEBUG    | __main__:count_subdirectories:71 - Counted 0 subdirectories in Directory(path=WindowsPath('C:/Users/momoore/OneDrive - Mazak Corporation/Documents/1Pass'), subdirectories=0, files=1, recursive_files=1) took 0.00 seconds
2024-04-13 00:03:34.047 | DEBUG    | __main__:count_files:48 - Counted 0 files in Directory(path=WindowsPath('C:/Users/momoore/OneDrive - Mazak Corporation/Documents/2023-10-10-MC2024-eval.zip'), subdirectories=0, files=0, recursive_files=5) took 0.00 seconds
2024-04-13 00:03:34.047 | DEBUG    | __main__:count_subdirectories:71 - Counted 1 subdirectories in Directory(path=WindowsPath('C:/Users/momoore/OneDrive - Mazak Corporation/Documents/2023-10-10-MC2024-eval.zip'), subdirectories=0, files=0, recursive_files=5) took 0.00 seconds
2024-04-13 00:03:34.047 | DEBUG    | __main__:count_files:48 - Counted 0 files in Directory(path=WindowsPath('C:/Users/momoore/OneDrive - Mazak Corporation/Documents/Altova'), subdirectories=0, files=0, recursive_files=746) took 0.00 seconds
2024-04-13 00:03:34.047 | DEBUG    | __main__:count_subdirectories:71 - Counted 3 subdirectories in Directory(path=WindowsPath('C:/Users/momoore/OneDrive - Mazak Corporation/Documents/Altova'), subdirectories=0, files=0, recursive_files=746) took 0.00 seconds
2024-04-13 00:03:34.055 | DEBUG    | __main__:count_files:48 - Counted 0 files in Directory(path=WindowsPath('C:/Users/momoore/OneDrive - Mazak Corporation/Documents/Apps'), subdirectories=0, files=0, recursive_files=9) took 0.00 seconds
2024-04-13 00:03:34.055 | DEBUG    | __main__:count_subdirectories:71 - Counted 3 subdirectories in Directory(path=WindowsPath('C:/Users/momoore/OneDrive - Mazak Corporation/Documents/Apps'), subdirectories=0, files=0, recursive_files=9) took 0.00 seconds
2024-04-13 00:03:34.055 | DEBUG    | __main__:count_files:48 - Counted 0 files in Directory(path=WindowsPath('C:/Users/momoore/OneDrive - Mazak Corporation/Documents/Backups'), subdirectories=0, files=0, recursive_files=1) took 0.00 seconds
2024-04-13 00:03:34.063 | DEBUG    | __main__:count_subdirectories:71 - Counted 1 subdirectories in Directory(path=WindowsPath('C:/Users/momoore/OneDrive - Mazak Corporation/Documents/Backups'), subdirectories=0, files=0, recursive_files=1) took 0.00 seconds
2024-04-13 00:03:34.063 | DEBUG    | __main__:count_files:48 - Counted 0 files in Directory(path=WindowsPath('C:/Users/momoore/OneDrive - Mazak Corporation/Documents/CAD & CAM'), subdirectories=0, files=0, recursive_files=203) took 0.00 seconds
2024-04-13 00:03:34.063 | DEBUG    | __main__:count_subdirectories:71 - Counted 5 subdirectories in Directory(path=WindowsPath('C:/Users/momoore/OneDrive - Mazak Corporation/Documents/CAD & CAM'), subdirectories=0, files=0, recursive_files=203) took 0.00 seconds
2024-04-13 00:03:34.071 | DEBUG    | __main__:count_files:48 - Counted 5 files in Directory(path=WindowsPath('C:/Users/momoore/OneDrive - Mazak Corporation/Documents/Coding'), subdirectories=0, files=0, recursive_files=109863) took 0.01 seconds
2024-04-13 00:03:34.087 | DEBUG    | __main__:count_subdirectories:71 - Counted 16 subdirectories in Directory(path=WindowsPath('C:/Users/momoore/OneDrive - Mazak Corporation/Documents/Coding'), subdirectories=0, files=5, recursive_files=109863) took 0.01 seconds
2024-04-13 00:03:34.095 | DEBUG    | __main__:count_files:48 - Counted 0 files in Directory(path=WindowsPath('C:/Users/momoore/OneDrive - Mazak Corporation/Documents/Cook i300s'), subdirectories=0, files=0, recursive_files=66) took 0.00 seconds
2024-04-13 00:03:34.095 | DEBUG    | __main__:count_subdirectories:71 - Counted 1 subdirectories in Directory(path=WindowsPath('C:/Users/momoore/OneDrive - Mazak Corporation/Documents/Cook i300s'), subdirectories=0, files=0, recursive_files=66) took 0.00 seconds
2024-04-13 00:03:34.095 | DEBUG    | __main__:count_files:48 - Counted 0 files in Directory(path=WindowsPath('C:/Users/momoore/OneDrive - Mazak Corporation/Documents/CPC_v2_1_15'), subdirectories=0, files=0, recursive_files=189) took 0.00 seconds
2024-04-13 00:03:34.095 | DEBUG    | __main__:count_subdirectories:71 - Counted 1 subdirectories in Directory(path=WindowsPath('C:/Users/momoore/OneDrive - Mazak Corporation/Documents/CPC_v2_1_15'), subdirectories=0, files=0, recursive_files=189) took 0.00 seconds
2024-04-13 00:03:34.095 | DEBUG    | __main__:count_files:48 - Counted 4 files in Directory(path=WindowsPath('C:/Users/momoore/OneDrive - Mazak Corporation/Documents/Custom Office Templates'), subdirectories=0, files=0, recursive_files=4) took 0.00 seconds
2024-04-13 00:03:34.103 | DEBUG    | __main__:count_subdirectories:71 - Counted 0 subdirectories in Directory(path=WindowsPath('C:/Users/momoore/OneDrive - Mazak Corporation/Documents/Custom Office Templates'), subdirectories=0, files=4, recursive_files=4) took 0.00 seconds
2024-04-13 00:03:34.103 | DEBUG    | __main__:count_files:48 - Counted 0 files in Directory(path=WindowsPath('C:/Users/momoore/OneDrive - Mazak Corporation/Documents/Dell'), subdirectories=0, files=0, recursive_files=1) took 0.00 seconds
2024-04-13 00:03:34.103 | DEBUG    | __main__:count_subdirectories:71 - Counted 1 subdirectories in Directory(path=WindowsPath('C:/Users/momoore/OneDrive - Mazak Corporation/Documents/Dell'), subdirectories=0, files=0, recursive_files=1) took 0.00 seconds
2024-04-13 00:03:34.103 | DEBUG    | __main__:count_files:48 - Counted 1 files in Directory(path=WindowsPath('C:/Users/momoore/OneDrive - Mazak Corporation/Documents/DP Technology'), subdirectories=0, files=0, recursive_files=251) took 0.00 seconds
2024-04-13 00:03:34.111 | DEBUG    | __main__:count_subdirectories:71 - Counted 2 subdirectories in Directory(path=WindowsPath('C:/Users/momoore/OneDrive - Mazak Corporation/Documents/DP Technology'), subdirectories=0, files=1, recursive_files=251) took 0.00 seconds
2024-04-13 00:03:34.111 | DEBUG    | __main__:count_files:48 - Counted 0 files in Directory(path=WindowsPath('C:/Users/momoore/OneDrive - Mazak Corporation/Documents/Figma'), subdirectories=0, files=0, recursive_files=92) took 0.00 seconds
2024-04-13 00:03:34.111 | DEBUG    | __main__:count_subdirectories:71 - Counted 1 subdirectories in Directory(path=WindowsPath('C:/Users/momoore/OneDrive - Mazak Corporation/Documents/Figma'), subdirectories=0, files=0, recursive_files=92) took 0.00 seconds
2024-04-13 00:03:34.119 | DEBUG    | __main__:count_files:48 - Counted 0 files in Directory(path=WindowsPath('C:/Users/momoore/OneDrive - Mazak Corporation/Documents/Fusion 360'), subdirectories=0, files=0, recursive_files=0) took 0.00 seconds
2024-04-13 00:03:34.119 | DEBUG    | __main__:count_subdirectories:71 - Counted 5 subdirectories in Directory(path=WindowsPath('C:/Users/momoore/OneDrive - Mazak Corporation/Documents/Fusion 360'), subdirectories=0, files=0, recursive_files=0) took 0.00 seconds
2024-04-13 00:03:34.119 | DEBUG    | __main__:count_files:48 - Counted 0 files in Directory(path=WindowsPath('C:/Users/momoore/OneDrive - Mazak Corporation/Documents/Git Practice'), subdirectories=0, files=0, recursive_files=1696) took 0.00 seconds
2024-04-13 00:03:34.127 | DEBUG    | __main__:count_subdirectories:71 - Counted 4 subdirectories in Directory(path=WindowsPath('C:/Users/momoore/OneDrive - Mazak Corporation/Documents/Git Practice'), subdirectories=0, files=0, recursive_files=1696) took 0.00 seconds
2024-04-13 00:03:34.127 | DEBUG    | __main__:count_files:48 - Counted 0 files in Directory(path=WindowsPath('C:/Users/momoore/OneDrive - Mazak Corporation/Documents/Graphics'), subdirectories=0, files=0, recursive_files=0) took 0.00 seconds
2024-04-13 00:03:34.127 | DEBUG    | __main__:count_subdirectories:71 - Counted 1 subdirectories in Directory(path=WindowsPath('C:/Users/momoore/OneDrive - Mazak Corporation/Documents/Graphics'), subdirectories=0, files=0, recursive_files=0) took 0.00 seconds
2024-04-13 00:03:34.135 | DEBUG    | __main__:count_files:48 - Counted 0 files in Directory(path=WindowsPath('C:/Users/momoore/OneDrive - Mazak Corporation/Documents/IBM'), subdirectories=0, files=0, recursive_files=8) took 0.00 seconds
2024-04-13 00:03:34.135 | DEBUG    | __main__:count_subdirectories:71 - Counted 3 subdirectories in Directory(path=WindowsPath('C:/Users/momoore/OneDrive - Mazak Corporation/Documents/IBM'), subdirectories=0, files=0, recursive_files=8) took 0.00 seconds
2024-04-13 00:03:34.135 | DEBUG    | __main__:count_files:48 - Counted 0 files in Directory(path=WindowsPath('C:/Users/momoore/OneDrive - Mazak Corporation/Documents/IISExpress'), subdirectories=0, files=0, recursive_files=3) took 0.00 seconds
2024-04-13 00:03:34.143 | DEBUG    | __main__:count_subdirectories:71 - Counted 3 subdirectories in Directory(path=WindowsPath('C:/Users/momoore/OneDrive - Mazak Corporation/Documents/IISExpress'), subdirectories=0, files=0, recursive_files=3) took 0.00 seconds
2024-04-13 00:03:34.143 | DEBUG    | __main__:count_files:48 - Counted 4 files in Directory(path=WindowsPath('C:/Users/momoore/OneDrive - Mazak Corporation/Documents/Lightshot'), subdirectories=0, files=0, recursive_files=4) took 0.00 seconds
2024-04-13 00:03:34.143 | DEBUG    | __main__:count_subdirectories:71 - Counted 0 subdirectories in Directory(path=WindowsPath('C:/Users/momoore/OneDrive - Mazak Corporation/Documents/Lightshot'), subdirectories=0, files=4, recursive_files=4) took 0.00 seconds
2024-04-13 00:03:34.159 | DEBUG    | __main__:count_files:48 - Counted 1 files in Directory(path=WindowsPath('C:/Users/momoore/OneDrive - Mazak Corporation/Documents/Mad Science'), subdirectories=0, files=0, recursive_files=116699) took 0.01 seconds
2024-04-13 00:03:34.183 | DEBUG    | __main__:count_subdirectories:71 - Counted 23 subdirectories in Directory(path=WindowsPath('C:/Users/momoore/OneDrive - Mazak Corporation/Documents/Mad Science'), subdirectories=0, files=1, recursive_files=116699) took 0.02 seconds
2024-04-13 00:03:34.199 | DEBUG    | __main__:count_files:48 - Counted 3 files in Directory(path=WindowsPath('C:/Users/momoore/OneDrive - Mazak Corporation/Documents/Mazak Software'), subdirectories=0, files=0, recursive_files=118) took 0.00 seconds
2024-04-13 00:03:34.215 | DEBUG    | __main__:count_subdirectories:71 - Counted 2 subdirectories in Directory(path=WindowsPath('C:/Users/momoore/OneDrive - Mazak Corporation/Documents/Mazak Software'), subdirectories=0, files=3, recursive_files=118) took 0.01 seconds
2024-04-13 00:03:34.223 | DEBUG    | __main__:count_files:48 - Counted 0 files in Directory(path=WindowsPath('C:/Users/momoore/OneDrive - Mazak Corporation/Documents/MAZAK-Maintenance Dash'), subdirectories=0, files=0, recursive_files=0) took 0.00 seconds
2024-04-13 00:03:34.223 | DEBUG    | __main__:count_subdirectories:71 - Counted 0 subdirectories in Directory(path=WindowsPath('C:/Users/momoore/OneDrive - Mazak Corporation/Documents/MAZAK-Maintenance Dash'), subdirectories=0, files=0, recursive_files=0) took 0.00 seconds
2024-04-13 00:03:34.231 | DEBUG    | __main__:count_files:48 - Counted 3 files in Directory(path=WindowsPath('C:/Users/momoore/OneDrive - Mazak Corporation/Documents/MAZAK-MTConnectDash'), subdirectories=0, files=0, recursive_files=3) took 0.01 seconds
2024-04-13 00:03:34.239 | DEBUG    | __main__:count_subdirectories:71 - Counted 0 subdirectories in Directory(path=WindowsPath('C:/Users/momoore/OneDrive - Mazak Corporation/Documents/MAZAK-MTConnectDash'), subdirectories=0, files=3, recursive_files=3) took 0.00 seconds
2024-04-13 00:03:34.239 | DEBUG    | __main__:count_files:48 - Counted 0 files in Directory(path=WindowsPath('C:/Users/momoore/OneDrive - Mazak Corporation/Documents/MAZAK-TimeEstimates'), subdirectories=0, files=0, recursive_files=2) took 0.00 seconds
2024-04-13 00:03:34.239 | DEBUG    | __main__:count_subdirectories:71 - Counted 3 subdirectories in Directory(path=WindowsPath('C:/Users/momoore/OneDrive - Mazak Corporation/Documents/MAZAK-TimeEstimates'), subdirectories=0, files=0, recursive_files=2) took 0.00 seconds
2024-04-13 00:03:34.247 | DEBUG    | __main__:count_files:48 - Counted 0 files in Directory(path=WindowsPath('C:/Users/momoore/OneDrive - Mazak Corporation/Documents/MAZAK-Tooling Dashboard'), subdirectories=0, files=0, recursive_files=1) took 0.00 seconds
2024-04-13 00:03:34.247 | DEBUG    | __main__:count_subdirectories:71 - Counted 1 subdirectories in Directory(path=WindowsPath('C:/Users/momoore/OneDrive - Mazak Corporation/Documents/MAZAK-Tooling Dashboard'), subdirectories=0, files=0, recursive_files=1) took 0.00 seconds
2024-04-13 00:03:34.247 | DEBUG    | __main__:count_files:48 - Counted 0 files in Directory(path=WindowsPath('C:/Users/momoore/OneDrive - Mazak Corporation/Documents/MTC Agent Reader Files'), subdirectories=0, files=0, recursive_files=6) took 0.00 seconds
2024-04-13 00:03:34.255 | DEBUG    | __main__:count_subdirectories:71 - Counted 1 subdirectories in Directory(path=WindowsPath('C:/Users/momoore/OneDrive - Mazak Corporation/Documents/MTC Agent Reader Files'), subdirectories=0, files=0, recursive_files=6) took 0.00 seconds
2024-04-13 00:03:34.255 | DEBUG    | __main__:count_files:48 - Counted 1 files in Directory(path=WindowsPath('C:/Users/momoore/OneDrive - Mazak Corporation/Documents/MTConnect'), subdirectories=0, files=0, recursive_files=5842) took 0.00 seconds
2024-04-13 00:03:34.263 | DEBUG    | __main__:count_subdirectories:71 - Counted 10 subdirectories in Directory(path=WindowsPath('C:/Users/momoore/OneDrive - Mazak Corporation/Documents/MTConnect'), subdirectories=0, files=1, recursive_files=5842) took 0.00 seconds
2024-04-13 00:03:34.263 | DEBUG    | __main__:count_files:48 - Counted 0 files in Directory(path=WindowsPath('C:/Users/momoore/OneDrive - Mazak Corporation/Documents/My Mastercam 2023'), subdirectories=0, files=0, recursive_files=35) took 0.00 seconds
2024-04-13 00:03:34.263 | DEBUG    | __main__:count_subdirectories:71 - Counted 1 subdirectories in Directory(path=WindowsPath('C:/Users/momoore/OneDrive - Mazak Corporation/Documents/My Mastercam 2023'), subdirectories=0, files=0, recursive_files=35) took 0.00 seconds
2024-04-13 00:03:34.271 | DEBUG    | __main__:count_files:48 - Counted 0 files in Directory(path=WindowsPath('C:/Users/momoore/OneDrive - Mazak Corporation/Documents/My Mastercam 2024'), subdirectories=0, files=0, recursive_files=73) took 0.00 seconds
2024-04-13 00:03:34.271 | DEBUG    | __main__:count_subdirectories:71 - Counted 1 subdirectories in Directory(path=WindowsPath('C:/Users/momoore/OneDrive - Mazak Corporation/Documents/My Mastercam 2024'), subdirectories=0, files=0, recursive_files=73) took 0.00 seconds
2024-04-13 00:03:34.271 | DEBUG    | __main__:count_files:48 - Counted 0 files in Directory(path=WindowsPath('C:/Users/momoore/OneDrive - Mazak Corporation/Documents/My Web Sites'), subdirectories=0, files=0, recursive_files=5) took 0.00 seconds
2024-04-13 00:03:34.271 | DEBUG    | __main__:count_subdirectories:71 - Counted 1 subdirectories in Directory(path=WindowsPath('C:/Users/momoore/OneDrive - Mazak Corporation/Documents/My Web Sites'), subdirectories=0, files=0, recursive_files=5) took 0.00 seconds
2024-04-13 00:03:34.271 | DEBUG    | __main__:count_files:48 - Counted 1 files in Directory(path=WindowsPath('C:/Users/momoore/OneDrive - Mazak Corporation/Documents/NordPass'), subdirectories=0, files=0, recursive_files=1) took 0.00 seconds
2024-04-13 00:03:34.279 | DEBUG    | __main__:count_subdirectories:71 - Counted 0 subdirectories in Directory(path=WindowsPath('C:/Users/momoore/OneDrive - Mazak Corporation/Documents/NordPass'), subdirectories=0, files=1, recursive_files=1) took 0.00 seconds
2024-04-13 00:03:34.287 | DEBUG    | __main__:count_files:48 - Counted 9 files in Directory(path=WindowsPath('C:/Users/momoore/OneDrive - Mazak Corporation/Documents/Other'), subdirectories=0, files=0, recursive_files=164) took 0.01 seconds
2024-04-13 00:03:34.287 | DEBUG    | __main__:count_subdirectories:71 - Counted 5 subdirectories in Directory(path=WindowsPath('C:/Users/momoore/OneDrive - Mazak Corporation/Documents/Other'), subdirectories=0, files=9, recursive_files=164) took 0.01 seconds
2024-04-13 00:03:34.295 | DEBUG    | __main__:count_files:48 - Counted 0 files in Directory(path=WindowsPath('C:/Users/momoore/OneDrive - Mazak Corporation/Documents/Projects'), subdirectories=0, files=0, recursive_files=402) took 0.00 seconds
2024-04-13 00:03:34.295 | DEBUG    | __main__:count_subdirectories:71 - Counted 4 subdirectories in Directory(path=WindowsPath('C:/Users/momoore/OneDrive - Mazak Corporation/Documents/Projects'), subdirectories=0, files=0, recursive_files=402) took 0.00 seconds
2024-04-13 00:03:34.303 | DEBUG    | __main__:count_files:48 - Counted 11 files in Directory(path=WindowsPath('C:/Users/momoore/OneDrive - Mazak Corporation/Documents/Receipts'), subdirectories=0, files=0, recursive_files=14) took 0.01 seconds
2024-04-13 00:03:34.311 | DEBUG    | __main__:count_subdirectories:71 - Counted 1 subdirectories in Directory(path=WindowsPath('C:/Users/momoore/OneDrive - Mazak Corporation/Documents/Receipts'), subdirectories=0, files=11, recursive_files=14) took 0.00 seconds
2024-04-13 00:03:34.311 | DEBUG    | __main__:count_files:48 - Counted 2 files in Directory(path=WindowsPath('C:/Users/momoore/OneDrive - Mazak Corporation/Documents/Reflect'), subdirectories=0, files=0, recursive_files=2) took 0.00 seconds
2024-04-13 00:03:34.311 | DEBUG    | __main__:count_subdirectories:71 - Counted 0 subdirectories in Directory(path=WindowsPath('C:/Users/momoore/OneDrive - Mazak Corporation/Documents/Reflect'), subdirectories=0, files=2, recursive_files=2) took 0.00 seconds
2024-04-13 00:03:34.327 | DEBUG    | __main__:count_files:48 - Counted 4 files in Directory(path=WindowsPath('C:/Users/momoore/OneDrive - Mazak Corporation/Documents/Resources & Tools'), subdirectories=0, files=0, recursive_files=168) took 0.01 seconds
2024-04-13 00:03:34.327 | DEBUG    | __main__:count_subdirectories:71 - Counted 11 subdirectories in Directory(path=WindowsPath('C:/Users/momoore/OneDrive - Mazak Corporation/Documents/Resources & Tools'), subdirectories=0, files=4, recursive_files=168) took 0.01 seconds
2024-04-13 00:03:34.335 | DEBUG    | __main__:count_files:48 - Counted 0 files in Directory(path=WindowsPath('C:/Users/momoore/OneDrive - Mazak Corporation/Documents/School'), subdirectories=0, files=0, recursive_files=2353) took 0.00 seconds
2024-04-13 00:03:34.335 | DEBUG    | __main__:count_subdirectories:71 - Counted 2 subdirectories in Directory(path=WindowsPath('C:/Users/momoore/OneDrive - Mazak Corporation/Documents/School'), subdirectories=0, files=0, recursive_files=2353) took 0.00 seconds
2024-04-13 00:03:34.335 | DEBUG    | __main__:count_files:48 - Counted 0 files in Directory(path=WindowsPath('C:/Users/momoore/OneDrive - Mazak Corporation/Documents/Shows'), subdirectories=0, files=0, recursive_files=514) took 0.00 seconds
2024-04-13 00:03:34.343 | DEBUG    | __main__:count_subdirectories:71 - Counted 5 subdirectories in Directory(path=WindowsPath('C:/Users/momoore/OneDrive - Mazak Corporation/Documents/Shows'), subdirectories=0, files=0, recursive_files=514) took 0.00 seconds
2024-04-13 00:03:34.343 | DEBUG    | __main__:count_files:48 - Counted 6 files in Directory(path=WindowsPath('C:/Users/momoore/OneDrive - Mazak Corporation/Documents/Smartbox'), subdirectories=0, files=0, recursive_files=12) took 0.00 seconds
2024-04-13 00:03:34.351 | DEBUG    | __main__:count_subdirectories:71 - Counted 2 subdirectories in Directory(path=WindowsPath('C:/Users/momoore/OneDrive - Mazak Corporation/Documents/Smartbox'), subdirectories=0, files=6, recursive_files=12) took 0.01 seconds
2024-04-13 00:03:34.351 | DEBUG    | __main__:count_files:48 - Counted 0 files in Directory(path=WindowsPath('C:/Users/momoore/OneDrive - Mazak Corporation/Documents/Smooth Tool Management'), subdirectories=0, files=0, recursive_files=1401) took 0.00 seconds
2024-04-13 00:03:34.359 | DEBUG    | __main__:count_subdirectories:71 - Counted 7 subdirectories in Directory(path=WindowsPath('C:/Users/momoore/OneDrive - Mazak Corporation/Documents/Smooth Tool Management'), subdirectories=0, files=0, recursive_files=1401) took 0.00 seconds
2024-04-13 00:03:34.359 | DEBUG    | __main__:count_files:48 - Counted 0 files in Directory(path=WindowsPath('C:/Users/momoore/OneDrive - Mazak Corporation/Documents/SQL Server Management Studio'), subdirectories=0, files=0, recursive_files=0) took 0.00 seconds
2024-04-13 00:03:34.367 | DEBUG    | __main__:count_subdirectories:71 - Counted 1 subdirectories in Directory(path=WindowsPath('C:/Users/momoore/OneDrive - Mazak Corporation/Documents/SQL Server Management Studio'), subdirectories=0, files=0, recursive_files=0) took 0.00 seconds
2024-04-13 00:03:34.367 | DEBUG    | __main__:count_files:48 - Counted 3 files in Directory(path=WindowsPath('C:/Users/momoore/OneDrive - Mazak Corporation/Documents/Syncrex Conversion Software'), subdirectories=0, files=0, recursive_files=4944) took 0.00 seconds
2024-04-13 00:03:34.375 | DEBUG    | __main__:count_subdirectories:71 - Counted 5 subdirectories in Directory(path=WindowsPath('C:/Users/momoore/OneDrive - Mazak Corporation/Documents/Syncrex Conversion Software'), subdirectories=0, files=3, recursive_files=4944) took 0.00 seconds
2024-04-13 00:03:34.375 | DEBUG    | __main__:count_files:48 - Counted 4 files in Directory(path=WindowsPath('C:/Users/momoore/OneDrive - Mazak Corporation/Documents/test'), subdirectories=0, files=0, recursive_files=4) took 0.00 seconds
2024-04-13 00:03:34.375 | DEBUG    | __main__:count_subdirectories:71 - Counted 0 subdirectories in Directory(path=WindowsPath('C:/Users/momoore/OneDrive - Mazak Corporation/Documents/test'), subdirectories=0, files=4, recursive_files=4) took 0.00 seconds
2024-04-13 00:03:34.383 | DEBUG    | __main__:count_files:48 - Counted 5 files in Directory(path=WindowsPath('C:/Users/momoore/OneDrive - Mazak Corporation/Documents/Test Program Drive'), subdirectories=0, files=0, recursive_files=5) took 0.00 seconds
2024-04-13 00:03:34.383 | DEBUG    | __main__:count_subdirectories:71 - Counted 0 subdirectories in Directory(path=WindowsPath('C:/Users/momoore/OneDrive - Mazak Corporation/Documents/Test Program Drive'), subdirectories=0, files=5, recursive_files=5) took 0.00 seconds
2024-04-13 00:03:34.391 | DEBUG    | __main__:count_files:48 - Counted 2 files in Directory(path=WindowsPath('C:/Users/momoore/OneDrive - Mazak Corporation/Documents/Tooling Dashboard'), subdirectories=0, files=0, recursive_files=4) took 0.00 seconds
2024-04-13 00:03:34.391 | DEBUG    | __main__:count_subdirectories:71 - Counted 1 subdirectories in Directory(path=WindowsPath('C:/Users/momoore/OneDrive - Mazak Corporation/Documents/Tooling Dashboard'), subdirectories=0, files=2, recursive_files=4) took 0.00 seconds
2024-04-13 00:03:34.391 | DEBUG    | __main__:count_files:48 - Counted 1 files in Directory(path=WindowsPath('C:/Users/momoore/OneDrive - Mazak Corporation/Documents/Travel'), subdirectories=0, files=0, recursive_files=43) took 0.00 seconds
2024-04-13 00:03:34.399 | DEBUG    | __main__:count_subdirectories:71 - Counted 4 subdirectories in Directory(path=WindowsPath('C:/Users/momoore/OneDrive - Mazak Corporation/Documents/Travel'), subdirectories=0, files=1, recursive_files=43) took 0.00 seconds
2024-04-13 00:03:34.399 | DEBUG    | __main__:count_files:48 - Counted 0 files in Directory(path=WindowsPath('C:/Users/momoore/OneDrive - Mazak Corporation/Documents/Virtual Machines'), subdirectories=0, files=0, recursive_files=258) took 0.00 seconds
2024-04-13 00:03:34.399 | DEBUG    | __main__:count_subdirectories:71 - Counted 1 subdirectories in Directory(path=WindowsPath('C:/Users/momoore/OneDrive - Mazak Corporation/Documents/Virtual Machines'), subdirectories=0, files=0, recursive_files=258) took 0.00 seconds
2024-04-13 00:03:34.407 | DEBUG    | __main__:count_files:48 - Counted 0 files in Directory(path=WindowsPath('C:/Users/momoore/OneDrive - Mazak Corporation/Documents/Visual Studio 2017'), subdirectories=0, files=0, recursive_files=0) took 0.00 seconds
2024-04-13 00:03:34.407 | DEBUG    | __main__:count_subdirectories:71 - Counted 3 subdirectories in Directory(path=WindowsPath('C:/Users/momoore/OneDrive - Mazak Corporation/Documents/Visual Studio 2017'), subdirectories=0, files=0, recursive_files=0) took 0.00 seconds
2024-04-13 00:03:34.407 | DEBUG    | __main__:count_files:48 - Counted 0 files in Directory(path=WindowsPath('C:/Users/momoore/OneDrive - Mazak Corporation/Documents/Visual Studio 2022'), subdirectories=0, files=0, recursive_files=3) took 0.00 seconds
2024-04-13 00:03:34.407 | DEBUG    | __main__:count_subdirectories:71 - Counted 4 subdirectories in Directory(path=WindowsPath('C:/Users/momoore/OneDrive - Mazak Corporation/Documents/Visual Studio 2022'), subdirectories=0, files=0, recursive_files=3) took 0.00 seconds
2024-04-13 00:03:34.543 | DEBUG    | __main__:count_files:48 - Counted 437 files in Directory(path=WindowsPath('C:/Users/momoore/OneDrive - Mazak Corporation/Documents/WebSite'), subdirectories=0, files=0, recursive_files=778) took 0.13 seconds
2024-04-13 00:03:34.663 | DEBUG    | __main__:count_subdirectories:71 - Counted 16 subdirectories in Directory(path=WindowsPath('C:/Users/momoore/OneDrive - Mazak Corporation/Documents/WebSite'), subdirectories=0, files=437, recursive_files=778) took 0.12 seconds
2024-04-13 00:03:34.663 | DEBUG    | __main__:sort:40 - Sorting items took 0.00 seconds
2024-04-13 00:03:34.663 | INFO     | __main__:main:119 - Sorting completed
2024-04-13 00:03:34.663 | INFO     | __main__:main:122 - C:\Users\momoore\OneDrive - Mazak Corporation\Documents\Mad Science: 23 subdirectories, 1 files, 116699 total files
2024-04-13 00:03:34.671 | INFO     | __main__:main:122 - C:\Users\momoore\OneDrive - Mazak Corporation\Documents\Coding: 16 subdirectories, 5 files, 109863 total files
2024-04-13 00:03:34.671 | INFO     | __main__:main:122 - C:\Users\momoore\OneDrive - Mazak Corporation\Documents\MTConnect: 10 subdirectories, 1 files, 5842 total files
2024-04-13 00:03:34.671 | INFO     | __main__:main:122 - C:\Users\momoore\OneDrive - Mazak Corporation\Documents\Syncrex Conversion Software: 5 subdirectories, 3 files, 4944 total files
2024-04-13 00:03:34.671 | INFO     | __main__:main:122 - C:\Users\momoore\OneDrive - Mazak Corporation\Documents\School: 2 subdirectories, 0 files, 2353 total files
2024-04-13 00:03:34.671 | INFO     | __main__:main:122 - C:\Users\momoore\OneDrive - Mazak Corporation\Documents\Git Practice: 4 subdirectories, 0 files, 1696 total files
2024-04-13 00:03:34.671 | INFO     | __main__:main:122 - C:\Users\momoore\OneDrive - Mazak Corporation\Documents\Smooth Tool Management: 7 subdirectories, 0 files, 1401 total files
2024-04-13 00:03:34.671 | INFO     | __main__:main:122 - C:\Users\momoore\OneDrive - Mazak Corporation\Documents\WebSite: 16 subdirectories, 437 files, 778 total files
2024-04-13 00:03:34.671 | INFO     | __main__:main:122 - C:\Users\momoore\OneDrive - Mazak Corporation\Documents\Altova: 3 subdirectories, 0 files, 746 total files
2024-04-13 00:03:34.671 | INFO     | __main__:main:122 - C:\Users\momoore\OneDrive - Mazak Corporation\Documents\Shows: 5 subdirectories, 0 files, 514 total files
2024-04-13 00:03:34.671 | INFO     | __main__:main:122 - C:\Users\momoore\OneDrive - Mazak Corporation\Documents\Projects: 4 subdirectories, 0 files, 402 total files
2024-04-13 00:03:34.671 | INFO     | __main__:main:122 - C:\Users\momoore\OneDrive - Mazak Corporation\Documents\Virtual Machines: 1 subdirectories, 0 files, 258 total files
2024-04-13 00:03:34.671 | INFO     | __main__:main:122 - C:\Users\momoore\OneDrive - Mazak Corporation\Documents\DP Technology: 2 subdirectories, 1 files, 251 total files
2024-04-13 00:03:34.679 | INFO     | __main__:main:122 - C:\Users\momoore\OneDrive - Mazak Corporation\Documents\CAD & CAM: 5 subdirectories, 0 files, 203 total files
2024-04-13 00:03:34.679 | INFO     | __main__:main:122 - C:\Users\momoore\OneDrive - Mazak Corporation\Documents\CPC_v2_1_15: 1 subdirectories, 0 files, 189 total files
2024-04-13 00:03:34.679 | INFO     | __main__:main:122 - C:\Users\momoore\OneDrive - Mazak Corporation\Documents\Resources & Tools: 11 subdirectories, 4 files, 168 total files
2024-04-13 00:03:34.679 | INFO     | __main__:main:122 - C:\Users\momoore\OneDrive - Mazak Corporation\Documents\Other: 5 subdirectories, 9 files, 164 total files
2024-04-13 00:03:34.679 | INFO     | __main__:main:122 - C:\Users\momoore\OneDrive - Mazak Corporation\Documents\Mazak Software: 2 subdirectories, 3 files, 118 total files
2024-04-13 00:03:34.679 | INFO     | __main__:main:122 - C:\Users\momoore\OneDrive - Mazak Corporation\Documents\Figma: 1 subdirectories, 0 files, 92 total files
2024-04-13 00:03:34.679 | INFO     | __main__:main:122 - C:\Users\momoore\OneDrive - Mazak Corporation\Documents\My Mastercam 2024: 1 subdirectories, 0 files, 73 total files
2024-04-13 00:03:34.679 | INFO     | __main__:main:122 - C:\Users\momoore\OneDrive - Mazak Corporation\Documents\Cook i300s: 1 subdirectories, 0 files, 66 total files
2024-04-13 00:03:34.687 | INFO     | __main__:main:122 - C:\Users\momoore\OneDrive - Mazak Corporation\Documents\Travel: 4 subdirectories, 1 files, 43 total files
2024-04-13 00:03:34.687 | INFO     | __main__:main:122 - C:\Users\momoore\OneDrive - Mazak Corporation\Documents\My Mastercam 2023: 1 subdirectories, 0 files, 35 total files
2024-04-13 00:03:34.687 | INFO     | __main__:main:122 - C:\Users\momoore\OneDrive - Mazak Corporation\Documents\Receipts: 1 subdirectories, 11 files, 14 total files
2024-04-13 00:03:34.687 | INFO     | __main__:main:122 - C:\Users\momoore\OneDrive - Mazak Corporation\Documents\Smartbox: 2 subdirectories, 6 files, 12 total files
2024-04-13 00:03:34.687 | INFO     | __main__:main:122 - C:\Users\momoore\OneDrive - Mazak Corporation\Documents\Apps: 3 subdirectories, 0 files, 9 total files
2024-04-13 00:03:34.687 | INFO     | __main__:main:122 - C:\Users\momoore\OneDrive - Mazak Corporation\Documents\IBM: 3 subdirectories, 0 files, 8 total files
2024-04-13 00:03:34.687 | INFO     | __main__:main:122 - C:\Users\momoore\OneDrive - Mazak Corporation\Documents\MTC Agent Reader Files: 1 subdirectories, 0 files, 6 total files
2024-04-13 00:03:34.687 | INFO     | __main__:main:122 - C:\Users\momoore\OneDrive - Mazak Corporation\Documents\2023-10-10-MC2024-eval.zip: 1 subdirectories, 0 files, 5 total files
2024-04-13 00:03:34.687 | INFO     | __main__:main:122 - C:\Users\momoore\OneDrive - Mazak Corporation\Documents\My Web Sites: 1 subdirectories, 0 files, 5 total files
2024-04-13 00:03:34.687 | INFO     | __main__:main:122 - C:\Users\momoore\OneDrive - Mazak Corporation\Documents\Test Program Drive: 0 subdirectories, 5 files, 5 total files
2024-04-13 00:03:34.687 | INFO     | __main__:main:122 - C:\Users\momoore\OneDrive - Mazak Corporation\Documents\Custom Office Templates: 0 subdirectories, 4 files, 4 total files
2024-04-13 00:03:34.687 | INFO     | __main__:main:122 - C:\Users\momoore\OneDrive - Mazak Corporation\Documents\Lightshot: 0 subdirectories, 4 files, 4 total files
2024-04-13 00:03:34.695 | INFO     | __main__:main:122 - C:\Users\momoore\OneDrive - Mazak Corporation\Documents\test: 0 subdirectories, 4 files, 4 total files
2024-04-13 00:03:34.695 | INFO     | __main__:main:122 - C:\Users\momoore\OneDrive - Mazak Corporation\Documents\Tooling Dashboard: 1 subdirectories, 2 files, 4 total files
2024-04-13 00:03:34.695 | INFO     | __main__:main:122 - C:\Users\momoore\OneDrive - Mazak Corporation\Documents\IISExpress: 3 subdirectories, 0 files, 3 total files
2024-04-13 00:03:34.695 | INFO     | __main__:main:122 - C:\Users\momoore\OneDrive - Mazak Corporation\Documents\MAZAK-MTConnectDash: 0 subdirectories, 3 files, 3 total files
2024-04-13 00:03:34.695 | INFO     | __main__:main:122 - C:\Users\momoore\OneDrive - Mazak Corporation\Documents\Visual Studio 2022: 4 subdirectories, 0 files, 3 total files
2024-04-13 00:03:34.695 | INFO     | __main__:main:122 - C:\Users\momoore\OneDrive - Mazak Corporation\Documents\MAZAK-TimeEstimates: 3 subdirectories, 0 files, 2 total files
2024-04-13 00:03:34.695 | INFO     | __main__:main:122 - C:\Users\momoore\OneDrive - Mazak Corporation\Documents\Reflect: 0 subdirectories, 2 files, 2 total files
2024-04-13 00:03:34.703 | INFO     | __main__:main:122 - C:\Users\momoore\OneDrive - Mazak Corporation\Documents\1Pass: 0 subdirectories, 1 files, 1 total files
2024-04-13 00:03:34.703 | INFO     | __main__:main:122 - C:\Users\momoore\OneDrive - Mazak Corporation\Documents\Backups: 1 subdirectories, 0 files, 1 total files
2024-04-13 00:03:34.703 | INFO     | __main__:main:122 - C:\Users\momoore\OneDrive - Mazak Corporation\Documents\Dell: 1 subdirectories, 0 files, 1 total files
2024-04-13 00:03:34.703 | INFO     | __main__:main:122 - C:\Users\momoore\OneDrive - Mazak Corporation\Documents\MAZAK-Tooling Dashboard: 1 subdirectories, 0 files, 1 total files
2024-04-13 00:03:34.703 | INFO     | __main__:main:122 - C:\Users\momoore\OneDrive - Mazak Corporation\Documents\NordPass: 0 subdirectories, 1 files, 1 total files
2024-04-13 00:03:34.703 | INFO     | __main__:main:122 - C:\Users\momoore\OneDrive - Mazak Corporation\Documents\Fusion 360: 5 subdirectories, 0 files, 0 total files
2024-04-13 00:03:34.703 | INFO     | __main__:main:122 - C:\Users\momoore\OneDrive - Mazak Corporation\Documents\Graphics: 1 subdirectories, 0 files, 0 total files
2024-04-13 00:03:34.703 | INFO     | __main__:main:122 - C:\Users\momoore\OneDrive - Mazak Corporation\Documents\MAZAK-Maintenance Dash: 0 subdirectories, 0 files, 0 total files
2024-04-13 00:03:34.711 | INFO     | __main__:main:122 - C:\Users\momoore\OneDrive - Mazak Corporation\Documents\SQL Server Management Studio: 1 subdirectories, 0 files, 0 total files
2024-04-13 00:03:34.711 | INFO     | __main__:main:122 - C:\Users\momoore\OneDrive - Mazak Corporation\Documents\Visual Studio 2017: 3 subdirectories, 0 files, 0 total files
2024-04-13 00:03:34.711 | INFO     | __main__:main:127 - Directory analysis complete...
2024-04-13 00:03:34.711 | INFO     | __main__:main:128 - Indexed in 246996 files in 10.229 seconds
